TN:
SF:script/DeployDSC.s.sol
DA:14,7
FN:14,DeployDSC.run
FNDA:7,DeployDSC.run
DA:15,7
DA:17,7
DA:18,7
DA:19,7
DA:20,7
DA:22,7
DA:23,7
DA:24,7
DA:25,7
DA:26,7
DA:27,7
FNF:1
FNH:1
LF:12
LH:12
BRF:0
BRH:0
end_of_record
TN:
SF:script/HelperConfig.s.sol
DA:25,7
FN:25,HelperConfig.constructor
FNDA:7,HelperConfig.constructor
DA:26,7
BRDA:26,0,0,-
BRDA:26,0,1,7
DA:27,0
DA:29,7
DA:33,0
FN:33,HelperConfig.getSepoliaEthConfig
FNDA:0,HelperConfig.getSepoliaEthConfig
DA:34,0
DA:43,7
FN:43,HelperConfig.getOrCreateAnvilEthConfig
FNDA:7,HelperConfig.getOrCreateAnvilEthConfig
DA:45,7
BRDA:45,1,0,-
DA:46,0
DA:49,7
DA:50,7
DA:52,7
DA:53,7
DA:55,7
DA:57,7
DA:58,7
DA:60,7
DA:62,7
FNF:3
FNH:2
LF:18
LH:14
BRF:3
BRH:1
end_of_record
TN:
SF:src/DSCEngine.sol
DA:103,0
FN:103,DSCEngine.moreThanZero
FNDA:0,DSCEngine.moreThanZero
DA:104,0
BRDA:104,0,0,-
DA:105,0
DA:111,2
FN:111,DSCEngine.isAllowedToken
FNDA:2,DSCEngine.isAllowedToken
DA:112,2
BRDA:112,1,0,1
DA:113,1
DA:124,8
FN:124,DSCEngine.constructor
FNDA:8,DSCEngine.constructor
DA:125,8
BRDA:125,2,0,1
DA:126,1
DA:129,7
DA:130,14
DA:131,14
DA:133,7
DA:147,0
FN:147,DSCEngine.depositCollateralAndMintDSC
FNDA:0,DSCEngine.depositCollateralAndMintDSC
DA:149,0
DA:150,0
DA:161,3
FN:161,DSCEngine.depositCollateral
FNDA:3,DSCEngine.depositCollateral
DA:164,1
DA:165,1
DA:167,1
DA:168,1
BRDA:168,3,0,-
DA:169,0
DA:177,0
FN:177,DSCEngine.mintDSC
FNDA:0,DSCEngine.mintDSC
DA:178,0
DA:180,0
DA:181,0
DA:182,0
BRDA:182,4,0,-
DA:183,0
DA:194,0
FN:194,DSCEngine.redeemCollateralForDSC
FNDA:0,DSCEngine.redeemCollateralForDSC
DA:195,0
DA:196,0
DA:206,0
FN:206,DSCEngine.redeemCollateral
FNDA:0,DSCEngine.redeemCollateral
DA:207,0
DA:208,0
DA:211,0
FN:211,DSCEngine.burnDSC
FNDA:0,DSCEngine.burnDSC
DA:212,0
DA:213,0
DA:232,0
FN:232,DSCEngine.liquidate
FNDA:0,DSCEngine.liquidate
DA:233,0
DA:234,0
BRDA:234,5,0,-
DA:235,0
DA:242,0
DA:244,0
DA:246,0
DA:248,0
DA:250,0
DA:252,0
DA:253,0
BRDA:253,6,0,-
DA:254,0
DA:257,0
DA:269,0
FN:269,DSCEngine._revertIfHealthFactorIsBroken
FNDA:0,DSCEngine._revertIfHealthFactorIsBroken
DA:271,0
DA:273,0
BRDA:273,7,0,-
DA:274,0
DA:283,0
FN:283,DSCEngine._healthFactor
FNDA:0,DSCEngine._healthFactor
DA:284,0
DA:286,0
DA:288,0
DA:291,1
FN:291,DSCEngine._getAccountInformation
FNDA:1,DSCEngine._getAccountInformation
DA:292,1
DA:293,1
DA:300,0
FN:300,DSCEngine._redeemCollateral
FNDA:0,DSCEngine._redeemCollateral
DA:301,0
DA:302,0
DA:304,0
DA:305,0
BRDA:305,8,0,-
DA:306,0
DA:310,0
FN:310,DSCEngine._burnDsc
FNDA:0,DSCEngine._burnDsc
DA:311,0
DA:312,0
DA:313,0
BRDA:313,9,0,-
DA:314,0
DA:316,0
DA:324,0
FN:324,DSCEngine.getAccountCollateralValue
FNDA:0,DSCEngine.getAccountCollateralValue
DA:325,1
DA:326,2
DA:327,2
DA:328,2
DA:330,0
DA:333,1
FN:333,DSCEngine.getUsdValue
FNDA:1,DSCEngine.getUsdValue
DA:334,3
DA:335,3
DA:337,3
DA:340,2
FN:340,DSCEngine.getTokenAmountFromUsd
FNDA:2,DSCEngine.getTokenAmountFromUsd
DA:341,2
DA:342,2
DA:344,2
DA:348,1
FN:348,DSCEngine.getAccountInformation
FNDA:1,DSCEngine.getAccountInformation
DA:349,1
DA:354,0
FN:354,DSCEngine.getHealthFactor
FNDA:0,DSCEngine.getHealthFactor
FNF:20
FNH:7
LF:90
LH:32
BRF:10
BRH:2
end_of_record
TN:
SF:src/DecentralizedStableCoin.sol
DA:57,0
FN:57,DecentralizedStableCoin.burn
FNDA:0,DecentralizedStableCoin.burn
DA:58,0
DA:59,0
BRDA:59,0,0,-
DA:60,0
DA:62,0
BRDA:62,1,0,-
DA:63,0
DA:65,0
DA:68,0
FN:68,DecentralizedStableCoin.mint
FNDA:0,DecentralizedStableCoin.mint
DA:69,0
BRDA:69,2,0,-
DA:70,0
DA:72,0
BRDA:72,3,0,-
DA:73,0
DA:75,0
DA:76,0
FNF:2
FNH:0
LF:14
LH:0
BRF:4
BRH:0
end_of_record
TN:
SF:test/mocks/MockV3Aggregator.sol
DA:24,14
FN:24,MockV3Aggregator.constructor
FNDA:14,MockV3Aggregator.constructor
DA:25,14
DA:26,14
DA:29,14
FN:29,MockV3Aggregator.updateAnswer
FNDA:14,MockV3Aggregator.updateAnswer
DA:30,14
DA:31,14
DA:32,14
DA:33,14
DA:34,14
DA:35,14
DA:38,0
FN:38,MockV3Aggregator.updateRoundData
FNDA:0,MockV3Aggregator.updateRoundData
DA:39,0
DA:40,0
DA:41,0
DA:42,0
DA:43,0
DA:44,0
DA:47,0
FN:47,MockV3Aggregator.getRoundData
FNDA:0,MockV3Aggregator.getRoundData
DA:52,0
DA:55,5
FN:55,MockV3Aggregator.latestRoundData
FNDA:5,MockV3Aggregator.latestRoundData
DA:60,5
DA:69,0
FN:69,MockV3Aggregator.description
FNDA:0,MockV3Aggregator.description
DA:70,0
FNF:6
FNH:3
LF:23
LH:12
BRF:0
BRH:0
end_of_record
